<?xml version="1.0" encoding="UTF-8"?>
<!-- Generated by org.testng.reporters.JUnitXMLReporter -->
<testsuite ignored="0" hostname="DESKTOP-0U6B0N9" failures="0" tests="1" name="Add Product to Cart and Checkout Test" time="0.081" errors="0" timestamp="2024-10-16T15:52:21 IST">
  <testcase classname="com.saucedemo.tests.SauceDemoTest" name="@BeforeClass setUp" time="0.03">
    <failure type="java.util.NoSuchElementException" message="No value present">
      <![CDATA[java.util.NoSuchElementException: No value present
at java.base/java.util.Optional.get(Optional.java:143)
at io.github.bonigarcia.wdm.WebDriverManager.<init>(WebDriverManager.java:225)
at io.github.bonigarcia.wdm.managers.ChromeDriverManager.<init>(ChromeDriverManager.java:51)
at io.github.bonigarcia.wdm.WebDriverManager.chromedriver(WebDriverManager.java:236)
at com.saucedemo.tests.SauceDemoTest.setUp(SauceDemoTest.java:18)
at java.base/java.util.ArrayList.forEach(ArrayList.java:1597)
... Removed 23 stack frames]]>
    </failure>
  </testcase> <!-- @BeforeClass setUp -->
  <testcase classname="com.saucedemo.tests.SauceDemoTest" name="@AfterClass tearDown" time="0.0">
    <skipped/>
  </testcase> <!-- @AfterClass tearDown -->
  <testcase classname="com.saucedemo.tests.SauceDemoTest" name="testAddProductToCartAndCheckout" time="0.0">
    <skipped/>
  </testcase> <!-- testAddProductToCartAndCheckout -->
</testsuite> <!-- Add Product to Cart and Checkout Test -->
